+-------+-----+------+-----+-----+-----+--------+---------------------------------------+-------+-------+---------+-------+-------+-------+-------+--------+------------+------------+-------------+------------+
| COUNT | 1XX | 2XX  | 3XX | 4XX | 5XX | METHOD |                  URI                  |  MIN  |  MAX  |   SUM   |  AVG  |  P90  |  P95  |  P99  | STDDEV | MIN(BODY)  | MAX(BODY)  |  SUM(BODY)  | AVG(BODY)  |
+-------+-----+------+-----+-----+-----+--------+---------------------------------------+-------+-------+---------+-------+-------+-------+-------+--------+------------+------------+-------------+------------+
| 5360  | 0   | 5348 | 0   | 12  | 0   | GET    | /api/chair/notification               | 0.004 | 1.802 | 441.877 | 0.082 | 0.170 | 0.196 | 0.322 | 0.118  | 0.000      | 44.000     | 235312.000  | 43.901     |
| 1834  | 0   | 1826 | 0   | 8   | 0   | GET    | /api/app/notification                 | 0.027 | 0.440 | 233.279 | 0.127 | 0.213 | 0.239 | 0.308 | 0.062  | 0.000      | 277.000    | 503605.000  | 274.594    |
| 46    | 0   | 46   | 0   | 0   | 0   | GET    | /api/owner/chairs                     | 0.238 | 3.779 | 101.104 | 2.198 | 3.594 | 3.753 | 3.779 | 0.594  | 753.000    | 19007.000  | 54827.000   | 1191.891   |
| 11    | 0   | 11   | 0   | 0   | 0   | GET    | /api/app/nearby-chairs                | 2.152 | 2.548 | 24.946  | 2.268 | 2.378 | 2.548 | 2.548 | 0.118  | 53.000     | 865.000    | 4353.000    | 395.727    |
| 10    | 0   | 10   | 0   | 0   | 0   | POST   | /api/app/rides                        | 0.181 | 0.473 | 2.621   | 0.262 | 0.466 | 0.473 | 0.473 | 0.105  | 62.000     | 63.000     | 627.000     | 62.700     |
| 14    | 0   | 14   | 0   | 0   | 0   | POST   | /api/app/rides/estimated-fare         | 0.010 | 0.276 | 2.099   | 0.150 | 0.241 | 0.276 | 0.276 | 0.094  | 37.000     | 40.000     | 550.000     | 39.286     |
| 1     | 0   | 1    | 0   | 0   | 0   | POST   | /api/initialize                       | 1.988 | 1.988 | 1.988   | 1.988 | 1.988 | 1.988 | 1.988 | 0.000  | 30.000     | 30.000     | 30.000      | 30.000     |
| 20    | 0   | 20   | 0   | 0   | 0   | POST   | /api/chair/coordinate                 | 0.031 | 0.092 | 1.298   | 0.065 | 0.086 | 0.087 | 0.092 | 0.019  | 40.000     | 40.000     | 800.000     | 40.000     |
| 20    | 0   | 20   | 0   | 0   | 0   | POST   | /api/chair/activity                   | 0.029 | 0.085 | 1.051   | 0.053 | 0.077 | 0.085 | 0.085 | 0.017  | 0.000      | 0.000      | 0.000       | 0.000      |
| 14    | 0   | 14   | 0   | 0   | 0   | GET    | /api/app/rides                        | 0.005 | 0.143 | 0.521   | 0.037 | 0.094 | 0.143 | 0.143 | 0.037  | 22.000     | 2158.000   | 4198.000    | 299.857    |
| 1     | 0   | 1    | 0   | 0   | 0   | GET    | /api/owner/sales?                     | 0.346 | 0.346 | 0.346   | 0.346 | 0.346 | 0.346 | 0.346 | 0.000  | 9176.000   | 9176.000   | 9176.000    | 9176.000   |
| 10    | 0   | 10   | 0   | 0   | 0   | POST   | /api/app/payment-methods              | 0.018 | 0.058 | 0.345   | 0.034 | 0.045 | 0.058 | 0.058 | 0.011  | 0.000      | 0.000      | 0.000       | 0.000      |
| 20    | 0   | 20   | 0   | 0   | 0   | POST   | /api/chair/chairs                     | 0.007 | 0.052 | 0.344   | 0.017 | 0.029 | 0.034 | 0.052 | 0.012  | 86.000     | 86.000     | 1720.000    | 86.000     |
| 1     | 0   | 1    | 0   | 0   | 0   | GET    | /api/owner/sales                      | 0.328 | 0.328 | 0.328   | 0.328 | 0.328 | 0.328 | 0.328 | 0.000  | 9010.000   | 9010.000   | 9010.000    | 9010.000   |
| 10    | 0   | 10   | 0   | 0   | 0   | POST   | /api/app/users                        | 0.012 | 0.049 | 0.164   | 0.016 | 0.013 | 0.049 | 0.049 | 0.011  | 97.000     | 97.000     | 970.000     | 97.000     |
| 5     | 0   | 5    | 0   | 0   | 0   | POST   | /api/owner/owners                     | 0.008 | 0.028 | 0.079   | 0.016 | 0.028 | 0.028 | 0.028 | 0.009  | 136.000    | 136.000    | 680.000     | 136.000    |
| 72    | 0   | 16   | 56  | 0   | 0   | GET    | /assets/components-Cbm4tYXz.js        | 0.000 | 0.001 | 0.001   | 0.000 | 0.000 | 0.000 | 0.001 | 0.000  | 0.000      | 184569.000 | 2953104.000 | 41015.333  |
| 11    | 0   | 11   | 0   | 0   | 0   | GET    | /assets/route-BbZUnrjQ.js             | 0.000 | 0.000 | 0.000   | 0.000 | 0.000 | 0.000 | 0.000 | 0.000  | 1029.000   | 1029.000   | 11319.000   | 1029.000   |
| 22    | 0   | 11   | 11  | 0   | 0   | GET    | /images/house1.svg                    | 0.000 | 0.000 | 0.000   | 0.000 | 0.000 | 0.000 | 0.000 | 0.000  | 0.000      | 2903.000   | 31933.000   | 1451.500   |
| 1     | 0   | 1    | 0   | 0   | 0   | GET    | /assets/route-D-xfm-4G.js             | 0.000 | 0.000 | 0.000   | 0.000 | 0.000 | 0.000 | 0.000 | 0.000  | 388.000    | 388.000    | 388.000     | 388.000    |
| 22    | 0   | 11   | 11  | 0   | 0   | GET    | /images/town.svg                      | 0.000 | 0.000 | 0.000   | 0.000 | 0.000 | 0.000 | 0.000 | 0.000  | 0.000      | 128735.000 | 1416085.000 | 64367.500  |
| 1     | 0   | 1    | 0   | 0   | 0   | GET    | /index.html                           | 0.000 | 0.000 | 0.000   | 0.000 | 0.000 | 0.000 | 0.000 | 0.000  | 705.000    | 705.000    | 705.000     | 705.000    |
| 51    | 0   | 6    | 45  | 0   | 0   | GET    | /assets/account-switch-C7WpOYxZ.js    | 0.000 | 0.000 | 0.000   | 0.000 | 0.000 | 0.000 | 0.000 | 0.000  | 0.000      | 553.000    | 3318.000    | 65.059     |
| 22    | 0   | 11   | 11  | 0   | 0   | GET    | /assets/api-base-url-Bd0x18OB.js      | 0.000 | 0.000 | 0.000   | 0.000 | 0.000 | 0.000 | 0.000 | 0.000  | 0.000      | 26.000     | 286.000     | 13.000     |
| 1     | 0   | 1    | 0   | 0   | 0   | GET    | /assets/route-DGKaubqO.js             | 0.000 | 0.000 | 0.000   | 0.000 | 0.000 | 0.000 | 0.000 | 0.000  | 1495.000   | 1495.000   | 1495.000    | 1495.000   |
| 22    | 0   | 11   | 11  | 0   | 0   | GET    | /images/buildings2.svg                | 0.000 | 0.000 | 0.000   | 0.000 | 0.000 | 0.000 | 0.000 | 0.000  | 0.000      | 23825.000  | 262075.000  | 11912.500  |
| 1     | 0   | 1    | 0   | 0   | 0   | GET    | /images/top-logo.svg                  | 0.000 | 0.000 | 0.000   | 0.000 | 0.000 | 0.000 | 0.000 | 0.000  | 4749.000   | 4749.000   | 4749.000    | 4749.000   |
| 72    | 0   | 16   | 56  | 0   | 0   | GET    | /assets/colors-DB9lnfSt.js            | 0.000 | 0.000 | 0.000   | 0.000 | 0.000 | 0.000 | 0.000 | 0.000  | 0.000      | 5678.000   | 90848.000   | 1261.778   |
| 22    | 0   | 11   | 11  | 0   | 0   | GET    | /images/buildings1.svg                | 0.000 | 0.000 | 0.000   | 0.000 | 0.000 | 0.000 | 0.000 | 0.000  | 0.000      | 13886.000  | 152746.000  | 6943.000   |
| 22    | 0   | 11   | 11  | 0   | 0   | GET    | /images/buildings4.svg                | 0.000 | 0.000 | 0.000   | 0.000 | 0.000 | 0.000 | 0.000 | 0.000  | 0.000      | 4582.000   | 50402.000   | 2291.000   |
| 1     | 0   | 1    | 0   | 0   | 0   | GET    | /assets/get-initial-data-vd1rP8TD.js  | 0.000 | 0.000 | 0.000   | 0.000 | 0.000 | 0.000 | 0.000 | 0.000  | 1757.000   | 1757.000   | 1757.000    | 1757.000   |
| 22    | 0   | 11   | 11  | 0   | 0   | GET    | /assets/frame-CJ9SHS1U.js             | 0.000 | 0.000 | 0.000   | 0.000 | 0.000 | 0.000 | 0.000 | 0.000  | 0.000      | 344.000    | 3784.000    | 172.000    |
| 22    | 0   | 11   | 11  | 0   | 0   | GET    | /images/house2.svg                    | 0.000 | 0.000 | 0.000   | 0.000 | 0.000 | 0.000 | 0.000 | 0.000  | 0.000      | 6430.000   | 70730.000   | 3215.000   |
| 1     | 0   | 1    | 0   | 0   | 0   | GET    | /images/top-bg.png                    | 0.000 | 0.000 | 0.000   | 0.000 | 0.000 | 0.000 | 0.000 | 0.000  | 549793.000 | 549793.000 | 549793.000  | 549793.000 |
| 22    | 0   | 11   | 11  | 0   | 0   | GET    | /images/buildings5.svg                | 0.000 | 0.000 | 0.000   | 0.000 | 0.000 | 0.000 | 0.000 | 0.000  | 0.000      | 9858.000   | 108438.000  | 4929.000   |
| 1     | 0   | 1    | 0   | 0   | 0   | GET    | /favicon-128x128.png                  | 0.000 | 0.000 | 0.000   | 0.000 | 0.000 | 0.000 | 0.000 | 0.000  | 783.000    | 783.000    | 783.000     | 783.000    |
| 22    | 0   | 11   | 11  | 0   | 0   | GET    | /assets/client-context-C6wEaUbS.js    | 0.000 | 0.000 | 0.000   | 0.000 | 0.000 | 0.000 | 0.000 | 0.000  | 0.000      | 2262.000   | 24882.000   | 1131.000   |
| 16    | 0   | 16   | 0   | 0   | 0   | GET    | /assets/form-frame-AzQ8YT1a.js        | 0.000 | 0.000 | 0.000   | 0.000 | 0.000 | 0.000 | 0.000 | 0.000  | 824.000    | 824.000    | 13184.000   | 824.000    |
| 1     | 0   | 1    | 0   | 0   | 0   | GET    | /assets/map-WlZ9yiya.js               | 0.000 | 0.000 | 0.000   | 0.000 | 0.000 | 0.000 | 0.000 | 0.000  | 11712.000  | 11712.000  | 11712.000   | 11712.000  |
| 6     | 0   | 6    | 0   | 0   | 0   | GET    | /assets/route-CJUF4eR6.js             | 0.000 | 0.000 | 0.000   | 0.000 | 0.000 | 0.000 | 0.000 | 0.000  | 1576.000   | 1576.000   | 9456.000    | 1576.000   |
| 22    | 0   | 11   | 11  | 0   | 0   | GET    | /images/buildings3.svg                | 0.000 | 0.000 | 0.000   | 0.000 | 0.000 | 0.000 | 0.000 | 0.000  | 0.000      | 23793.000  | 261723.000  | 11896.500  |
| 72    | 0   | 16   | 56  | 0   | 0   | GET    | /assets/index-9ZhTBp7q.js             | 0.000 | 0.000 | 0.000   | 0.000 | 0.000 | 0.000 | 0.000 | 0.000  | 0.000      | 60305.000  | 964880.000  | 13401.111  |
| 22    | 0   | 11   | 11  | 0   | 0   | GET    | /client                               | 0.000 | 0.000 | 0.000   | 0.000 | 0.000 | 0.000 | 0.000 | 0.000  | 0.000      | 705.000    | 7755.000    | 352.500    |
| 1     | 0   | 1    | 0   | 0   | 0   | GET    | /assets/simulator-context-fn0s3fwv.js | 0.000 | 0.000 | 0.000   | 0.000 | 0.000 | 0.000 | 0.000 | 0.000  | 2970.000   | 2970.000   | 2970.000    | 2970.000   |
| 61    | 0   | 16   | 45  | 0   | 0   | GET    | /assets/button-CS9qg6Tt.js            | 0.000 | 0.000 | 0.000   | 0.000 | 0.000 | 0.000 | 0.000 | 0.000  | 0.000      | 843.000    | 13488.000   | 221.115    |
| 72    | 0   | 16   | 56  | 0   | 0   | GET    | /assets/root-BoSp76zW.css             | 0.000 | 0.000 | 0.000   | 0.000 | 0.000 | 0.000 | 0.000 | 0.000  | 0.000      | 26579.000  | 425264.000  | 5906.444   |
| 72    | 0   | 16   | 56  | 0   | 0   | GET    | /assets/root-JpS3BGeV.js              | 0.000 | 0.000 | 0.000   | 0.000 | 0.000 | 0.000 | 0.000 | 0.000  | 0.000      | 27925.000  | 446800.000  | 6205.556   |
| 22    | 0   | 11   | 11  | 0   | 0   | GET    | /assets/route-B_Zm-GyU.js             | 0.000 | 0.000 | 0.000   | 0.000 | 0.000 | 0.000 | 0.000 | 0.000  | 0.000      | 2687.000   | 29557.000   | 1343.500   |
| 1     | 0   | 1    | 0   | 0   | 0   | GET    | /assets/route-Bhv1gox0.js             | 0.000 | 0.000 | 0.000   | 0.000 | 0.000 | 0.000 | 0.000 | 0.000  | 2361.000   | 2361.000   | 2361.000    | 2361.000   |
| 1     | 0   | 1    | 0   | 0   | 0   | GET    | /assets/post-message-C3RbgkUr.js      | 0.000 | 0.000 | 0.000   | 0.000 | 0.000 | 0.000 | 0.000 | 0.000  | 367.000    | 367.000    | 367.000     | 367.000    |
| 1     | 0   | 1    | 0   | 0   | 0   | GET    | /assets/route-Bu9MIazC.js             | 0.000 | 0.000 | 0.000   | 0.000 | 0.000 | 0.000 | 0.000 | 0.000  | 10479.000  | 10479.000  | 10479.000   | 10479.000  |
| 22    | 0   | 11   | 11  | 0   | 0   | GET    | /assets/storage-Coaj7Roq.js           | 0.000 | 0.000 | 0.000   | 0.000 | 0.000 | 0.000 | 0.000 | 0.000  | 0.000      | 711.000    | 7821.000    | 355.500    |
| 1     | 0   | 1    | 0   | 0   | 0   | GET    | /assets/rating-star-gH9aOYPH.js       | 0.000 | 0.000 | 0.000   | 0.000 | 0.000 | 0.000 | 0.000 | 0.000  | 519.000    | 519.000    | 519.000     | 519.000    |
| 72    | 0   | 16   | 56  | 0   | 0   | GET    | /assets/isuride-CWZY8A89.js           | 0.000 | 0.000 | 0.000   | 0.000 | 0.000 | 0.000 | 0.000 | 0.000  | 0.000      | 834.000    | 13344.000   | 185.333    |
| 1     | 0   | 1    | 0   | 0   | 0   | GET    | /assets/manifest-2155a205.js          | 0.000 | 0.000 | 0.000   | 0.000 | 0.000 | 0.000 | 0.000 | 0.000  | 9192.000   | 9192.000   | 9192.000    | 9192.000   |
| 11    | 0   | 11   | 0   | 0   | 0   | GET    | /assets/responses-Cu7_GOWP.js         | 0.000 | 0.000 | 0.000   | 0.000 | 0.000 | 0.000 | 0.000 | 0.000  | 350.000    | 350.000    | 3850.000    | 350.000    |
| 72    | 0   | 16   | 56  | 0   | 0   | GET    | /assets/entry.client-BwsCJ-uh.js      | 0.000 | 0.000 | 0.000   | 0.000 | 0.000 | 0.000 | 0.000 | 0.000  | 0.000      | 4135.000   | 66160.000   | 918.889    |
| 72    | 0   | 16   | 56  | 0   | 0   | GET    | /assets/jsx-runtime-56DGgGmo.js       | 0.000 | 0.000 | 0.000   | 0.000 | 0.000 | 0.000 | 0.000 | 0.000  | 0.000      | 8107.000   | 129712.000  | 1801.556   |
| 1     | 0   | 1    | 0   | 0   | 0   | GET    | /assets/route-qjNoFN43.js             | 0.000 | 0.000 | 0.000   | 0.000 | 0.000 | 0.000 | 0.000 | 0.000  | 2937.000   | 2937.000   | 2937.000    | 2937.000   |
| 1     | 0   | 1    | 0   | 0   | 0   | GET    | /assets/price-D-o-ix3Y.js             | 0.000 | 0.000 | 0.000   | 0.000 | 0.000 | 0.000 | 0.000 | 0.000  | 1793.000   | 1793.000   | 1793.000    | 1793.000   |
| 1     | 0   | 1    | 0   | 0   | 0   | GET    | /assets/route-BE5HJ0d6.js             | 0.000 | 0.000 | 0.000   | 0.000 | 0.000 | 0.000 | 0.000 | 0.000  | 3303.000   | 3303.000   | 3303.000    | 3303.000   |
| 1     | 0   | 1    | 0   | 0   | 0   | GET    | /assets/route-CNt_mqIX.js             | 0.000 | 0.000 | 0.000   | 0.000 | 0.000 | 0.000 | 0.000 | 0.000  | 26045.000  | 26045.000  | 26045.000   | 26045.000  |
| 51    | 0   | 6    | 45  | 0   | 0   | GET    | /owner                                | 0.000 | 0.000 | 0.000   | 0.000 | 0.000 | 0.000 | 0.000 | 0.000  | 0.000      | 705.000    | 4230.000    | 82.941     |
| 11    | 0   | 11   | 0   | 0   | 0   | GET    | /assets/date-input-Br46mw6i.js        | 0.000 | 0.000 | 0.000   | 0.000 | 0.000 | 0.000 | 0.000 | 0.000  | 425.000    | 425.000    | 4675.000    | 425.000    |
| 1     | 0   | 0    | 0   | 1   | 0   | POST   | /device.rsp                           | 0.000 | 0.000 | 0.000   | 0.000 | 0.000 | 0.000 | 0.000 | 0.000  | 134.000    | 134.000    | 134.000     | 134.000    |
| 1     | 0   | 1    | 0   | 0   | 0   | GET    | /assets/chair-PB3Jm0Ii.js             | 0.000 | 0.000 | 0.000   | 0.000 | 0.000 | 0.000 | 0.000 | 0.000  | 2008.000   | 2008.000   | 2008.000    | 2008.000   |
| 27    | 0   | 16   | 11  | 0   | 0   | GET    | /assets/text-DfCqYLRl.js              | 0.000 | 0.000 | 0.000   | 0.000 | 0.000 | 0.000 | 0.000 | 0.000  | 0.000      | 505.000    | 8080.000    | 299.259    |
| 51    | 0   | 6    | 45  | 0   | 0   | GET    | /assets/route-DzrPVuAG.js             | 0.000 | 0.000 | 0.000   | 0.000 | 0.000 | 0.000 | 0.000 | 0.000  | 0.000      | 1908.000   | 11448.000   | 224.471    |
| 51    | 0   | 6    | 45  | 0   | 0   | GET    | /assets/owner-context-DCgOhQtd.js     | 0.000 | 0.000 | 0.000   | 0.000 | 0.000 | 0.000 | 0.000 | 0.000  | 0.000      | 1077.000   | 6462.000    | 126.706    |
| 72    | 0   | 16   | 56  | 0   | 0   | GET    | /assets/bundle-mjs-Dnoi3Axr.js        | 0.000 | 0.000 | 0.000   | 0.000 | 0.000 | 0.000 | 0.000 | 0.000  | 0.000      | 19912.000  | 318592.000  | 4424.889   |
| 72    | 0   | 16   | 56  | 0   | 0   | GET    | /assets/api-components-dDIZztSJ.js    | 0.000 | 0.000 | 0.000   | 0.000 | 0.000 | 0.000 | 0.000 | 0.000  | 0.000      | 2007.000   | 32112.000   | 446.000    |
| 72    | 0   | 16   | 56  | 0   | 0   | GET    | /favicon-32x32.png                    | 0.000 | 0.000 | 0.000   | 0.000 | 0.000 | 0.000 | 0.000 | 0.000  | 0.000      | 336.000    | 5376.000    | 74.667     |
| 1     | 0   | 1    | 0   | 0   | 0   | GET    | /apple-touch-icon-180x180.png         | 0.000 | 0.000 | 0.000   | 0.000 | 0.000 | 0.000 | 0.000 | 0.000  | 1020.000   | 1020.000   | 1020.000    | 1020.000   |
| 11    | 0   | 11   | 0   | 0   | 0   | GET    | /assets/route-j6B5sfAw.js             | 0.000 | 0.000 | 0.000   | 0.000 | 0.000 | 0.000 | 0.000 | 0.000  | 3490.000   | 3490.000   | 38390.000   | 3490.000   |
| 1     | 0   | 1    | 0   | 0   | 0   | GET    | /assets/route-Ckv8UtcK.js             | 0.000 | 0.000 | 0.000   | 0.000 | 0.000 | 0.000 | 0.000 | 0.000  | 1148.000   | 1148.000   | 1148.000    | 1148.000   |
| 1     | 0   | 1    | 0   | 0   | 0   | GET    | /assets/route-C7CZBETH.js             | 0.000 | 0.000 | 0.000   | 0.000 | 0.000 | 0.000 | 0.000 | 0.000  | 2244.000   | 2244.000   | 2244.000    | 2244.000   |
| 22    | 0   | 11   | 11  | 0   | 0   | GET    | /images/buildings6.svg                | 0.000 | 0.000 | 0.000   | 0.000 | 0.000 | 0.000 | 0.000 | 0.000  | 0.000      | 9454.000   | 103994.000  | 4727.000   |
| 1     | 0   | 1    | 0   | 0   | 0   | GET    | /assets/route-BkJsE9q1.js             | 0.000 | 0.000 | 0.000   | 0.000 | 0.000 | 0.000 | 0.000 | 0.000  | 1496.000   | 1496.000   | 1496.000    | 1496.000   |
| 72    | 0   | 16   | 56  | 0   | 0   | GET    | /assets/get-cookie-value-B3QhECDc.js  | 0.000 | 0.000 | 0.000   | 0.000 | 0.000 | 0.000 | 0.000 | 0.000  | 0.000      | 110.000    | 1760.000    | 24.444     |
| 72    | 0   | 16   | 56  | 0   | 0   | GET    | /favicon.ico                          | 0.000 | 0.000 | 0.000   | 0.000 | 0.000 | 0.000 | 0.000 | 0.000  | 0.000      | 16958.000  | 271328.000  | 3768.444   |
| 1     | 0   | 1    | 0   | 0   | 0   | GET    | /                                     | 0.000 | 0.000 | 0.000   | 0.000 | 0.000 | 0.000 | 0.000 | 0.000  | 409.000    | 409.000    | 409.000     | 409.000    |
| 1     | 0   | 0    | 0   | 1   | 0   | HEAD   | /apps                                 | 0.000 | 0.000 | 0.000   | 0.000 | 0.000 | 0.000 | 0.000 | 0.000  | 0.000      | 0.000      | 0.000       | 0.000      |
| 1     | 0   | 0    | 0   | 1   | 0   | HEAD   | /api/action                           | 0.000 | 0.000 | 0.000   | 0.000 | 0.000 | 0.000 | 0.000 | 0.000  | 0.000      | 0.000      | 0.000       | 0.000      |
| 1     | 0   | 0    | 0   | 1   | 0   | HEAD   | /api/actions                          | 0.000 | 0.000 | 0.000   | 0.000 | 0.000 | 0.000 | 0.000 | 0.000  | 0.000      | 0.000      | 0.000       | 0.000      |
| 1     | 0   | 0    | 0   | 1   | 0   | HEAD   | /_next/data                           | 0.000 | 0.000 | 0.000   | 0.000 | 0.000 | 0.000 | 0.000 | 0.000  | 0.000      | 0.000      | 0.000       | 0.000      |
| 1     | 0   | 0    | 0   | 1   | 0   | POST   | /                                     | 0.000 | 0.000 | 0.000   | 0.000 | 0.000 | 0.000 | 0.000 | 0.000  | 568.000    | 568.000    | 568.000     | 568.000    |
+-------+-----+------+-----+-----+-----+--------+---------------------------------------+-------+-------+---------+-------+-------+-------+-------+--------+------------+------------+-------------+------------+
